SF:lib/core/models/filter_criteria.dart
DA:2,1
DA:7,0
DA:8,0
LF:3
LH:1
end_of_record
SF:lib/core/models/space.dart
DA:18,1
DA:28,0
DA:37,0
DA:38,0
DA:39,0
DA:40,0
DA:41,0
DA:42,0
DA:43,0
DA:44,0
DA:47,1
DA:50,2
DA:52,1
DA:53,1
DA:54,1
DA:63,0
DA:65,0
DA:66,0
DA:69,0
DA:70,0
DA:72,1
DA:75,1
DA:76,3
DA:77,3
DA:78,3
DA:79,3
DA:80,3
DA:81,3
DA:82,3
DA:85,0
DA:86,0
LF:31
LH:15
end_of_record
SF:lib/core/models/space.g.dart
DA:9,0
DA:10,0
DA:11,0
DA:12,0
DA:13,0
DA:14,0
DA:15,0
DA:16,0
DA:17,0
DA:21,0
DA:22,0
DA:23,0
DA:24,0
DA:25,0
DA:26,0
DA:27,0
DA:28,0
LF:17
LH:0
end_of_record
SF:lib/core/redux/actions/map_actions.dart
DA:14,1
DA:17,1
DA:18,2
DA:19,2
DA:20,2
DA:21,1
DA:26,3
DA:33,1
DA:36,1
DA:37,3
DA:38,2
DA:39,3
DA:40,2
DA:44,3
DA:45,2
LF:15
LH:15
end_of_record
SF:lib/core/redux/app_state.dart
DA:10,1
DA:16,2
DA:17,1
DA:22,1
DA:26,1
DA:27,1
DA:28,1
DA:29,1
DA:32,0
DA:34,0
DA:35,0
DA:36,0
DA:37,0
DA:38,0
DA:39,0
DA:40,0
DA:43,0
DA:44,0
DA:46,0
DA:49,0
DA:50,0
DA:51,0
DA:52,0
LF:23
LH:8
end_of_record
SF:lib/core/services/api_service.dart
DA:8,3
DA:9,3
DA:10,3
LF:3
LH:3
end_of_record
SF:lib/locator.dart
DA:6,3
DA:10,1
DA:11,2
DA:12,0
LF:4
LH:3
end_of_record
SF:lib/core/redux/actions/loading_actions.dart
DA:7,1
DA:9,1
DA:11,3
LF:3
LH:3
end_of_record
SF:lib/core/services/fake_api.dart
DA:11,0
DA:12,0
DA:13,0
DA:17,0
DA:18,0
DA:19,0
DA:21,0
DA:26,0
DA:31,0
DA:32,0
DA:36,0
DA:37,0
DA:38,0
DA:42,0
DA:43,0
DA:44,0
DA:48,0
DA:50,0
DA:51,0
DA:55,0
DA:59,0
DA:60,0
LF:22
LH:0
end_of_record
SF:lib/core/services/http_api.dart
DA:11,0
DA:12,0
DA:16,0
DA:17,0
DA:20,0
DA:26,0
DA:30,0
DA:31,0
DA:35,0
DA:36,0
DA:40,0
DA:42,0
DA:46,0
DA:50,0
LF:14
LH:0
end_of_record
