SF:lib/core/models/space.dart
DA:21,1
DA:32,0
DA:42,0
DA:43,0
DA:44,0
DA:45,0
DA:46,0
DA:47,0
DA:48,0
DA:49,0
DA:50,0
DA:53,1
DA:54,1
DA:57,2
DA:59,1
DA:60,1
DA:61,1
DA:63,2
DA:66,2
DA:67,1
DA:68,1
DA:69,2
DA:74,0
DA:76,0
DA:77,0
DA:80,0
DA:81,0
DA:83,1
DA:86,0
DA:87,0
DA:88,0
DA:89,0
DA:90,0
DA:91,0
DA:92,0
DA:93,0
DA:94,0
DA:97,0
DA:98,0
LF:39
LH:13
end_of_record
SF:lib/core/models/space.g.dart
DA:9,0
DA:10,0
DA:11,0
DA:12,0
DA:13,0
DA:14,0
DA:15,0
DA:16,0
DA:17,0
DA:18,0
DA:19,0
DA:20,0
DA:21,0
DA:25,0
DA:26,0
DA:27,0
DA:28,0
DA:29,0
DA:30,0
DA:31,0
DA:32,0
DA:33,0
LF:22
LH:0
end_of_record
SF:lib/core/redux/actions/map_actions.dart
DA:13,1
DA:16,1
DA:17,2
DA:18,2
DA:19,2
DA:20,1
DA:25,3
DA:32,1
DA:35,1
DA:36,3
DA:37,2
DA:38,4
DA:39,2
DA:43,3
DA:44,2
LF:15
LH:15
end_of_record
SF:lib/core/redux/app_state.dart
DA:12,2
DA:19,4
DA:20,2
DA:21,2
DA:22,2
DA:25,2
DA:33,2
DA:39,2
DA:40,2
DA:41,1
DA:42,2
DA:43,2
DA:46,0
DA:48,0
DA:49,0
DA:50,0
DA:51,0
DA:52,0
DA:53,0
DA:54,0
DA:55,0
DA:56,0
DA:59,0
DA:60,0
DA:62,0
DA:65,0
DA:66,0
DA:67,0
DA:68,0
DA:69,0
LF:30
LH:12
end_of_record
SF:lib/core/services/api_service.dart
DA:8,6
DA:9,6
DA:10,6
LF:3
LH:3
end_of_record
SF:lib/locator.dart
DA:6,6
DA:10,2
DA:11,4
DA:12,0
LF:4
LH:3
end_of_record
SF:lib/core/redux/actions/loading_actions.dart
DA:7,1
DA:9,1
DA:11,3
LF:3
LH:3
end_of_record
SF:lib/core/models/equipment.dart
DA:9,12
DA:16,1
DA:18,0
DA:19,0
DA:20,0
DA:21,0
DA:25,1
DA:26,1
DA:27,1
DA:29,3
DA:30,2
DA:33,0
DA:35,0
DA:36,0
DA:39,0
DA:40,0
DA:42,0
DA:45,0
DA:46,0
DA:47,0
DA:50,0
DA:51,0
DA:52,0
LF:23
LH:7
end_of_record
SF:lib/core/models/equipment.g.dart
DA:9,0
DA:10,0
DA:12,0
DA:13,0
DA:17,0
DA:18,0
DA:19,0
DA:22,0
DA:28,0
DA:29,0
DA:32,0
DA:33,0
DA:34,0
DA:37,0
DA:38,0
DA:43,0
DA:51,0
LF:17
LH:0
end_of_record
SF:lib/core/models/filter_criteria.dart
DA:10,2
DA:11,2
DA:12,2
DA:13,2
DA:14,2
DA:15,2
DA:16,2
DA:29,2
DA:38,1
DA:46,1
DA:47,1
DA:48,1
DA:49,1
DA:50,1
DA:51,1
DA:52,1
DA:55,0
DA:57,0
DA:58,0
DA:61,1
DA:64,1
DA:65,3
DA:66,3
DA:67,3
DA:68,3
DA:69,3
DA:70,3
DA:73,0
DA:75,0
DA:76,0
DA:77,0
DA:78,0
DA:79,0
DA:80,0
DA:82,0
DA:83,0
DA:84,0
LF:37
LH:24
end_of_record
SF:lib/core/models/filter_criteria.g.dart
DA:9,0
DA:10,0
DA:11,0
DA:12,0
DA:13,0
DA:14,0
DA:15,0
DA:16,0
DA:17,0
DA:18,0
DA:19,0
DA:20,0
DA:21,0
DA:25,0
DA:26,0
DA:27,0
DA:28,0
DA:29,0
DA:30,0
DA:31,0
DA:32,0
DA:33,0
DA:34,0
DA:37,0
DA:43,0
DA:44,0
DA:47,0
DA:48,0
DA:49,0
DA:52,0
DA:53,0
DA:58,0
DA:66,0
LF:33
LH:0
end_of_record
SF:lib/core/redux/actions/filter_actions.dart
DA:11,1
DA:13,1
DA:15,5
DA:18,3
DA:19,4
DA:20,2
DA:22,1
DA:23,1
DA:24,0
DA:26,1
DA:27,0
DA:29,1
DA:30,2
DA:32,0
DA:33,0
DA:35,0
DA:36,0
DA:38,0
DA:43,2
DA:50,1
DA:52,1
DA:54,5
DA:57,3
DA:58,4
DA:59,2
DA:61,1
DA:62,1
DA:63,1
DA:65,0
DA:66,0
DA:68,0
DA:69,0
DA:71,0
DA:72,0
DA:74,0
DA:75,0
DA:77,0
DA:82,2
DA:87,0
LF:39
LH:22
end_of_record
SF:lib/core/services/fake_api.dart
DA:11,0
DA:12,0
DA:13,0
DA:17,0
DA:18,0
DA:19,0
DA:21,0
DA:26,0
DA:31,0
DA:32,0
DA:36,0
DA:37,0
DA:38,0
DA:42,0
DA:43,0
DA:44,0
DA:48,0
DA:50,0
DA:51,0
DA:55,0
DA:59,0
DA:60,0
LF:22
LH:0
end_of_record
SF:lib/core/services/http_api.dart
DA:11,0
DA:12,0
DA:16,0
DA:17,0
DA:20,0
DA:26,0
DA:30,0
DA:31,0
DA:35,0
DA:36,0
DA:40,0
DA:42,0
DA:46,0
DA:50,0
LF:14
LH:0
end_of_record
